SF:C:\Workspace\Repo_Github\Learning-FunctionalProgramming\Fundamentals\UnitTest\CodeCoverage\C01_Coverlet\Class1.cs
FN:7,System.Int32 C01_Coverlet.Class1::Add(System.Int32,System.Int32)
FNDA:1,System.Int32 C01_Coverlet.Class1::Add(System.Int32,System.Int32)
DA:8,1
DA:9,1
DA:10,1
DA:12,0
DA:13,1
BRDA:9,7,0,1
BRDA:9,7,1,0
FN:15,System.Int32 C01_Coverlet.Class1::Divide(System.Int32,System.Int32)
FNDA:0,System.Int32 C01_Coverlet.Class1::Divide(System.Int32,System.Int32)
DA:16,0
DA:17,0
DA:18,0
LF:8
LH:4
BRF:2
BRH:1
FNF:2
FNH:1
end_of_record